mode: atomic
github.com/happyhippyhippo/slaterest/application.go:22.36,34.75 7 2
github.com/happyhippyhippo/slaterest/application.go:38.2,43.12 2 2
github.com/happyhippyhippo/slaterest/application.go:34.75,36.3 1 1
github.com/happyhippyhippo/slaterest/application.go:47.38,49.2 1 1
github.com/happyhippyhippo/slaterest/application.go:53.54,54.15 1 0
github.com/happyhippyhippo/slaterest/application.go:64.2,64.33 1 0
github.com/happyhippyhippo/slaterest/application.go:68.2,69.16 2 0
github.com/happyhippyhippo/slaterest/application.go:73.2,74.16 2 0
github.com/happyhippyhippo/slaterest/application.go:78.2,79.16 2 0
github.com/happyhippyhippo/slaterest/application.go:83.2,84.92 2 0
github.com/happyhippyhippo/slaterest/application.go:89.2,89.12 1 0
github.com/happyhippyhippo/slaterest/application.go:54.15,55.31 1 0
github.com/happyhippyhippo/slaterest/application.go:55.31,56.30 1 0
github.com/happyhippyhippo/slaterest/application.go:56.30,58.5 1 0
github.com/happyhippyhippo/slaterest/application.go:58.10,59.13 1 0
github.com/happyhippyhippo/slaterest/application.go:64.33,66.3 1 0
github.com/happyhippyhippo/slaterest/application.go:69.16,71.3 1 0
github.com/happyhippyhippo/slaterest/application.go:74.16,76.3 1 0
github.com/happyhippyhippo/slaterest/application.go:79.16,81.3 1 0
github.com/happyhippyhippo/slaterest/application.go:84.92,87.3 2 0
github.com/happyhippyhippo/slaterest/container.go:10.63,12.16 2 3
github.com/happyhippyhippo/slaterest/container.go:16.2,17.9 2 2
github.com/happyhippyhippo/slaterest/container.go:20.2,20.15 1 1
github.com/happyhippyhippo/slaterest/container.go:12.16,14.3 1 1
github.com/happyhippyhippo/slaterest/container.go:17.9,19.3 1 1
github.com/happyhippyhippo/slaterest/errors.go:8.38,10.2 1 1
github.com/happyhippyhippo/slaterest/errors.go:12.53,14.2 1 2
github.com/happyhippyhippo/slaterest/srvalidation/errors.go:8.38,10.2 1 12
github.com/happyhippyhippo/slaterest/srvalidation/errors.go:12.53,14.2 1 7
github.com/happyhippyhippo/slaterest/srvalidation/errors.go:16.53,18.2 1 7
github.com/happyhippyhippo/slaterest/srvalidation/parser.go:27.58,28.23 1 15
github.com/happyhippyhippo/slaterest/srvalidation/parser.go:32.2,156.8 1 14
github.com/happyhippyhippo/slaterest/srvalidation/parser.go:28.23,30.3 1 1
github.com/happyhippyhippo/slaterest/srvalidation/parser.go:161.103,162.16 1 9
github.com/happyhippyhippo/slaterest/srvalidation/parser.go:166.2,166.35 1 8
github.com/happyhippyhippo/slaterest/srvalidation/parser.go:170.2,171.27 2 6
github.com/happyhippyhippo/slaterest/srvalidation/parser.go:179.2,179.18 1 4
github.com/happyhippyhippo/slaterest/srvalidation/parser.go:162.16,164.3 1 1
github.com/happyhippyhippo/slaterest/srvalidation/parser.go:166.35,168.3 1 2
github.com/happyhippyhippo/slaterest/srvalidation/parser.go:171.27,173.20 2 6
github.com/happyhippyhippo/slaterest/srvalidation/parser.go:176.3,176.31 1 4
github.com/happyhippyhippo/slaterest/srvalidation/parser.go:173.20,175.4 1 2
github.com/happyhippyhippo/slaterest/srvalidation/parser.go:183.49,185.2 1 1
github.com/happyhippyhippo/slaterest/srvalidation/parser.go:187.103,188.16 1 6
github.com/happyhippyhippo/slaterest/srvalidation/parser.go:192.2,195.49 4 5
github.com/happyhippyhippo/slaterest/srvalidation/parser.go:202.2,202.106 1 4
github.com/happyhippyhippo/slaterest/srvalidation/parser.go:188.16,190.3 1 1
github.com/happyhippyhippo/slaterest/srvalidation/parser.go:195.49,197.52 2 2
github.com/happyhippyhippo/slaterest/srvalidation/parser.go:197.52,199.4 1 1
github.com/happyhippyhippo/slaterest/srvalidation/provider.go:18.60,19.14 1 19
github.com/happyhippyhippo/slaterest/srvalidation/provider.go:23.2,23.76 1 17
github.com/happyhippyhippo/slaterest/srvalidation/provider.go:28.2,28.67 1 17
github.com/happyhippyhippo/slaterest/srvalidation/provider.go:42.2,42.63 1 17
github.com/happyhippyhippo/slaterest/srvalidation/provider.go:51.2,51.57 1 17
github.com/happyhippyhippo/slaterest/srvalidation/provider.go:68.2,68.12 1 17
github.com/happyhippyhippo/slaterest/srvalidation/provider.go:19.14,21.3 1 2
github.com/happyhippyhippo/slaterest/srvalidation/provider.go:23.76,26.3 2 12
github.com/happyhippyhippo/slaterest/srvalidation/provider.go:28.67,30.17 2 12
github.com/happyhippyhippo/slaterest/srvalidation/provider.go:34.3,35.21 2 10
github.com/happyhippyhippo/slaterest/srvalidation/provider.go:39.3,39.25 1 7
github.com/happyhippyhippo/slaterest/srvalidation/provider.go:30.17,32.4 1 2
github.com/happyhippyhippo/slaterest/srvalidation/provider.go:35.21,37.4 1 3
github.com/happyhippyhippo/slaterest/srvalidation/provider.go:42.63,44.17 2 5
github.com/happyhippyhippo/slaterest/srvalidation/provider.go:48.3,48.31 1 4
github.com/happyhippyhippo/slaterest/srvalidation/provider.go:44.17,46.4 1 1
github.com/happyhippyhippo/slaterest/srvalidation/provider.go:51.57,53.17 2 4
github.com/happyhippyhippo/slaterest/srvalidation/provider.go:57.3,58.17 2 3
github.com/happyhippyhippo/slaterest/srvalidation/provider.go:62.3,65.40 3 2
github.com/happyhippyhippo/slaterest/srvalidation/provider.go:53.17,55.4 1 1
github.com/happyhippyhippo/slaterest/srvalidation/provider.go:58.17,60.4 1 1
github.com/happyhippyhippo/slaterest/srvalidation/provider.go:72.54,73.14 1 2
github.com/happyhippyhippo/slaterest/srvalidation/provider.go:77.2,77.12 1 1
github.com/happyhippyhippo/slaterest/srvalidation/provider.go:73.14,75.3 1 1
github.com/happyhippyhippo/slaterest/srvalidation/validator.go:14.83,15.21 1 9
github.com/happyhippyhippo/slaterest/srvalidation/validator.go:18.2,18.19 1 8
github.com/happyhippyhippo/slaterest/srvalidation/validator.go:22.2,22.63 1 7
github.com/happyhippyhippo/slaterest/srvalidation/validator.go:15.21,17.3 1 1
github.com/happyhippyhippo/slaterest/srvalidation/validator.go:18.19,20.3 1 1
github.com/happyhippyhippo/slaterest/srvalidation/validator.go:22.63,23.19 1 4
github.com/happyhippyhippo/slaterest/srvalidation/validator.go:27.3,27.50 1 3
github.com/happyhippyhippo/slaterest/srvalidation/validator.go:31.3,31.18 1 1
github.com/happyhippyhippo/slaterest/srvalidation/validator.go:23.19,25.4 1 1
github.com/happyhippyhippo/slaterest/srvalidation/validator.go:27.50,29.4 1 2
github.com/happyhippyhippo/slaterest/srvalidation/container.go:10.88,12.16 2 15
github.com/happyhippyhippo/slaterest/srvalidation/container.go:16.2,17.9 2 13
github.com/happyhippyhippo/slaterest/srvalidation/container.go:20.2,20.15 1 11
github.com/happyhippyhippo/slaterest/srvalidation/container.go:12.16,14.3 1 2
github.com/happyhippyhippo/slaterest/srvalidation/container.go:17.9,19.3 1 2
github.com/happyhippyhippo/slaterest/srvalidation/container.go:25.69,27.16 2 12
github.com/happyhippyhippo/slaterest/srvalidation/container.go:31.2,32.9 2 9
github.com/happyhippyhippo/slaterest/srvalidation/container.go:35.2,35.15 1 8
github.com/happyhippyhippo/slaterest/srvalidation/container.go:27.16,29.3 1 3
github.com/happyhippyhippo/slaterest/srvalidation/container.go:32.9,34.3 1 1
github.com/happyhippyhippo/slaterest/srvalidation/container.go:40.58,42.16 2 6
github.com/happyhippyhippo/slaterest/srvalidation/container.go:46.2,47.9 2 4
github.com/happyhippyhippo/slaterest/srvalidation/container.go:50.2,50.15 1 3
github.com/happyhippyhippo/slaterest/srvalidation/container.go:42.16,44.3 1 2
github.com/happyhippyhippo/slaterest/srvalidation/container.go:47.9,49.3 1 1
github.com/happyhippyhippo/slaterest/srvalidation/container.go:55.64,57.16 2 3
github.com/happyhippyhippo/slaterest/srvalidation/container.go:61.2,62.9 2 2
github.com/happyhippyhippo/slaterest/srvalidation/container.go:65.2,65.15 1 1
github.com/happyhippyhippo/slaterest/srvalidation/container.go:57.16,59.3 1 1
github.com/happyhippyhippo/slaterest/srvalidation/container.go:62.9,64.3 1 1
github.com/happyhippyhippo/slaterest/srlog/middleware.go:16.33,17.19 1 19
github.com/happyhippyhippo/slaterest/srlog/middleware.go:20.2,20.26 1 18
github.com/happyhippyhippo/slaterest/srlog/middleware.go:23.2,23.27 1 17
github.com/happyhippyhippo/slaterest/srlog/middleware.go:27.2,27.52 1 16
github.com/happyhippyhippo/slaterest/srlog/middleware.go:17.19,19.3 1 1
github.com/happyhippyhippo/slaterest/srlog/middleware.go:20.26,22.3 1 1
github.com/happyhippyhippo/slaterest/srlog/middleware.go:23.27,25.3 1 1
github.com/happyhippyhippo/slaterest/srlog/middleware.go:27.52,28.33 1 1
github.com/happyhippyhippo/slaterest/srlog/middleware.go:28.33,43.19 6 1
github.com/happyhippyhippo/slaterest/srlog/middleware.go:46.4,58.5 3 1
github.com/happyhippyhippo/slaterest/srlog/middleware.go:43.19,45.5 1 1
github.com/happyhippyhippo/slaterest/srlog/provider.go:17.60,18.14 1 21
github.com/happyhippyhippo/slaterest/srlog/provider.go:22.2,22.89 1 20
github.com/happyhippyhippo/slaterest/srlog/provider.go:39.2,39.59 1 20
github.com/happyhippyhippo/slaterest/srlog/provider.go:50.2,50.64 1 20
github.com/happyhippyhippo/slaterest/srlog/provider.go:61.2,61.66 1 20
github.com/happyhippyhippo/slaterest/srlog/provider.go:72.2,72.12 1 20
github.com/happyhippyhippo/slaterest/srlog/provider.go:18.14,20.3 1 1
github.com/happyhippyhippo/slaterest/srlog/provider.go:22.89,26.19 3 15
github.com/happyhippyhippo/slaterest/srlog/provider.go:31.3,31.18 1 15
github.com/happyhippyhippo/slaterest/srlog/provider.go:36.3,36.27 1 15
github.com/happyhippyhippo/slaterest/srlog/provider.go:26.19,29.4 2 9
github.com/happyhippyhippo/slaterest/srlog/provider.go:31.18,34.4 2 6
github.com/happyhippyhippo/slaterest/srlog/provider.go:39.59,41.17 2 6
github.com/happyhippyhippo/slaterest/srlog/provider.go:45.3,47.50 2 5
github.com/happyhippyhippo/slaterest/srlog/provider.go:41.17,43.4 1 1
github.com/happyhippyhippo/slaterest/srlog/provider.go:50.64,52.17 2 6
github.com/happyhippyhippo/slaterest/srlog/provider.go:56.3,58.50 2 5
github.com/happyhippyhippo/slaterest/srlog/provider.go:52.17,54.4 1 1
github.com/happyhippyhippo/slaterest/srlog/provider.go:61.66,63.17 2 6
github.com/happyhippyhippo/slaterest/srlog/provider.go:67.3,69.50 2 5
github.com/happyhippyhippo/slaterest/srlog/provider.go:63.17,65.4 1 1
github.com/happyhippyhippo/slaterest/srlog/provider.go:79.56,80.14 1 2
github.com/happyhippyhippo/slaterest/srlog/provider.go:84.2,84.12 1 1
github.com/happyhippyhippo/slaterest/srlog/provider.go:80.14,82.3 1 1
github.com/happyhippyhippo/slaterest/srlog/request_reader_decorator_json.go:12.100,13.19 1 16
github.com/happyhippyhippo/slaterest/srlog/request_reader_decorator_json.go:17.2,17.64 1 15
github.com/happyhippyhippo/slaterest/srlog/request_reader_decorator_json.go:13.19,15.3 1 1
github.com/happyhippyhippo/slaterest/srlog/request_reader_decorator_json.go:17.64,18.17 1 6
github.com/happyhippyhippo/slaterest/srlog/request_reader_decorator_json.go:22.3,23.17 2 5
github.com/happyhippyhippo/slaterest/srlog/request_reader_decorator_json.go:27.3,28.51 2 4
github.com/happyhippyhippo/slaterest/srlog/request_reader_decorator_json.go:34.3,34.19 1 4
github.com/happyhippyhippo/slaterest/srlog/request_reader_decorator_json.go:18.17,20.4 1 1
github.com/happyhippyhippo/slaterest/srlog/request_reader_decorator_json.go:23.17,25.4 1 1
github.com/happyhippyhippo/slaterest/srlog/request_reader_decorator_json.go:28.51,29.79 1 2
github.com/happyhippyhippo/slaterest/srlog/request_reader_decorator_json.go:29.79,31.5 1 1
github.com/happyhippyhippo/slaterest/srlog/response_reader_decorator_json.go:12.103,13.19 1 19
github.com/happyhippyhippo/slaterest/srlog/response_reader_decorator_json.go:17.2,17.87 1 18
github.com/happyhippyhippo/slaterest/srlog/response_reader_decorator_json.go:13.19,15.3 1 1
github.com/happyhippyhippo/slaterest/srlog/response_reader_decorator_json.go:17.87,18.17 1 9
github.com/happyhippyhippo/slaterest/srlog/response_reader_decorator_json.go:21.3,21.20 1 8
github.com/happyhippyhippo/slaterest/srlog/response_reader_decorator_json.go:25.3,26.17 2 7
github.com/happyhippyhippo/slaterest/srlog/response_reader_decorator_json.go:30.3,30.43 1 6
github.com/happyhippyhippo/slaterest/srlog/response_reader_decorator_json.go:39.3,39.19 1 6
github.com/happyhippyhippo/slaterest/srlog/response_reader_decorator_json.go:18.17,20.4 1 1
github.com/happyhippyhippo/slaterest/srlog/response_reader_decorator_json.go:21.20,23.4 1 1
github.com/happyhippyhippo/slaterest/srlog/response_reader_decorator_json.go:26.17,28.4 1 1
github.com/happyhippyhippo/slaterest/srlog/response_reader_decorator_json.go:30.43,32.65 2 5
github.com/happyhippyhippo/slaterest/srlog/response_reader_decorator_json.go:32.65,33.72 1 3
github.com/happyhippyhippo/slaterest/srlog/response_reader_decorator_json.go:33.72,35.6 1 2
github.com/happyhippyhippo/slaterest/srlog/response_writer.go:20.70,21.14 1 19
github.com/happyhippyhippo/slaterest/srlog/response_writer.go:25.2,28.8 1 18
github.com/happyhippyhippo/slaterest/srlog/response_writer.go:21.14,23.3 1 1
github.com/happyhippyhippo/slaterest/srlog/response_writer.go:33.46,36.2 2 1
github.com/happyhippyhippo/slaterest/srlog/response_writer.go:40.31,42.2 1 2
github.com/happyhippyhippo/slaterest/srlog/container.go:10.78,12.16 2 3
github.com/happyhippyhippo/slaterest/srlog/container.go:16.2,17.9 2 2
github.com/happyhippyhippo/slaterest/srlog/container.go:20.2,20.15 1 1
github.com/happyhippyhippo/slaterest/srlog/container.go:12.16,14.3 1 1
github.com/happyhippyhippo/slaterest/srlog/container.go:17.9,19.3 1 1
github.com/happyhippyhippo/slaterest/srlog/container.go:25.83,27.16 2 3
github.com/happyhippyhippo/slaterest/srlog/container.go:31.2,32.9 2 2
github.com/happyhippyhippo/slaterest/srlog/container.go:35.2,35.15 1 1
github.com/happyhippyhippo/slaterest/srlog/container.go:27.16,29.3 1 1
github.com/happyhippyhippo/slaterest/srlog/container.go:32.9,34.3 1 1
github.com/happyhippyhippo/slaterest/srlog/container.go:40.85,42.16 2 3
github.com/happyhippyhippo/slaterest/srlog/container.go:46.2,47.9 2 2
github.com/happyhippyhippo/slaterest/srlog/container.go:50.2,50.15 1 1
github.com/happyhippyhippo/slaterest/srlog/container.go:42.16,44.3 1 1
github.com/happyhippyhippo/slaterest/srlog/container.go:47.9,49.3 1 1
github.com/happyhippyhippo/slaterest/srlog/globals.go:74.59,76.9 2 15
github.com/happyhippyhippo/slaterest/srlog/globals.go:79.2,79.10 1 12
github.com/happyhippyhippo/slaterest/srlog/globals.go:76.9,78.3 1 3
github.com/happyhippyhippo/slaterest/srlog/request_reader_decorator_xml.go:12.99,13.19 1 14
github.com/happyhippyhippo/slaterest/srlog/request_reader_decorator_xml.go:17.2,17.64 1 13
github.com/happyhippyhippo/slaterest/srlog/request_reader_decorator_xml.go:13.19,15.3 1 1
github.com/happyhippyhippo/slaterest/srlog/request_reader_decorator_xml.go:17.64,18.17 1 7
github.com/happyhippyhippo/slaterest/srlog/request_reader_decorator_xml.go:22.3,23.17 2 6
github.com/happyhippyhippo/slaterest/srlog/request_reader_decorator_xml.go:27.3,28.98 2 5
github.com/happyhippyhippo/slaterest/srlog/request_reader_decorator_xml.go:34.3,34.19 1 5
github.com/happyhippyhippo/slaterest/srlog/request_reader_decorator_xml.go:18.17,20.4 1 1
github.com/happyhippyhippo/slaterest/srlog/request_reader_decorator_xml.go:23.17,25.4 1 1
github.com/happyhippyhippo/slaterest/srlog/request_reader_decorator_xml.go:28.98,29.78 1 3
github.com/happyhippyhippo/slaterest/srlog/request_reader_decorator_xml.go:29.78,31.5 1 2
github.com/happyhippyhippo/slaterest/srlog/errors.go:8.38,10.2 1 21
github.com/happyhippyhippo/slaterest/srlog/errors.go:12.53,14.2 1 4
github.com/happyhippyhippo/slaterest/srlog/request_reader_default.go:12.77,13.16 1 2
github.com/happyhippyhippo/slaterest/srlog/request_reader_default.go:17.2,18.44 2 1
github.com/happyhippyhippo/slaterest/srlog/request_reader_default.go:26.2,32.8 1 1
github.com/happyhippyhippo/slaterest/srlog/request_reader_default.go:13.16,15.3 1 1
github.com/happyhippyhippo/slaterest/srlog/request_reader_default.go:18.44,19.18 1 2
github.com/happyhippyhippo/slaterest/srlog/request_reader_default.go:19.18,21.4 1 1
github.com/happyhippyhippo/slaterest/srlog/request_reader_default.go:21.9,23.4 1 1
github.com/happyhippyhippo/slaterest/srlog/request_reader_default.go:35.67,37.44 2 1
github.com/happyhippyhippo/slaterest/srlog/request_reader_default.go:44.2,44.16 1 1
github.com/happyhippyhippo/slaterest/srlog/request_reader_default.go:37.44,38.23 1 2
github.com/happyhippyhippo/slaterest/srlog/request_reader_default.go:38.23,40.4 1 1
github.com/happyhippyhippo/slaterest/srlog/request_reader_default.go:40.9,42.4 1 1
github.com/happyhippyhippo/slaterest/srlog/request_reader_default.go:47.48,49.25 2 1
github.com/happyhippyhippo/slaterest/srlog/request_reader_default.go:52.2,53.26 2 1
github.com/happyhippyhippo/slaterest/srlog/request_reader_default.go:49.25,51.3 1 1
github.com/happyhippyhippo/slaterest/srlog/response_reader_decorator_xml.go:12.102,13.19 1 16
github.com/happyhippyhippo/slaterest/srlog/response_reader_decorator_xml.go:17.2,17.87 1 15
github.com/happyhippyhippo/slaterest/srlog/response_reader_decorator_xml.go:13.19,15.3 1 1
github.com/happyhippyhippo/slaterest/srlog/response_reader_decorator_xml.go:17.87,18.17 1 9
github.com/happyhippyhippo/slaterest/srlog/response_reader_decorator_xml.go:21.3,21.20 1 8
github.com/happyhippyhippo/slaterest/srlog/response_reader_decorator_xml.go:25.3,26.17 2 7
github.com/happyhippyhippo/slaterest/srlog/response_reader_decorator_xml.go:30.3,30.43 1 6
github.com/happyhippyhippo/slaterest/srlog/response_reader_decorator_xml.go:39.3,39.19 1 6
github.com/happyhippyhippo/slaterest/srlog/response_reader_decorator_xml.go:18.17,20.4 1 1
github.com/happyhippyhippo/slaterest/srlog/response_reader_decorator_xml.go:21.20,23.4 1 1
github.com/happyhippyhippo/slaterest/srlog/response_reader_decorator_xml.go:26.17,28.4 1 1
github.com/happyhippyhippo/slaterest/srlog/response_reader_decorator_xml.go:30.43,32.87 2 5
github.com/happyhippyhippo/slaterest/srlog/response_reader_decorator_xml.go:32.87,33.71 1 3
github.com/happyhippyhippo/slaterest/srlog/response_reader_decorator_xml.go:33.71,35.6 1 2
github.com/happyhippyhippo/slaterest/srlog/response_reader_default.go:7.62,8.85 1 20
github.com/happyhippyhippo/slaterest/srlog/response_reader_default.go:8.85,9.20 1 3
github.com/happyhippyhippo/slaterest/srlog/response_reader_default.go:13.3,19.27 3 2
github.com/happyhippyhippo/slaterest/srlog/response_reader_default.go:23.3,23.19 1 2
github.com/happyhippyhippo/slaterest/srlog/response_reader_default.go:9.20,11.4 1 1
github.com/happyhippyhippo/slaterest/srlog/response_reader_default.go:19.27,21.4 1 1
github.com/happyhippyhippo/slaterest/srlog/response_reader_default.go:27.70,29.47 2 2
github.com/happyhippyhippo/slaterest/srlog/response_reader_default.go:36.2,36.16 1 2
github.com/happyhippyhippo/slaterest/srlog/response_reader_default.go:29.47,30.23 1 4
github.com/happyhippyhippo/slaterest/srlog/response_reader_default.go:30.23,32.4 1 2
github.com/happyhippyhippo/slaterest/srlog/response_reader_default.go:32.9,34.4 1 2
github.com/happyhippyhippo/slaterest/srenvelope/status.go:11.26,16.2 1 19
github.com/happyhippyhippo/slaterest/srenvelope/status.go:19.53,23.2 3 26
github.com/happyhippyhippo/slaterest/srenvelope/status.go:26.46,27.26 1 9
github.com/happyhippyhippo/slaterest/srenvelope/status.go:30.2,30.10 1 9
github.com/happyhippyhippo/slaterest/srenvelope/status.go:27.26,29.3 1 12
github.com/happyhippyhippo/slaterest/srenvelope/status.go:34.47,35.26 1 9
github.com/happyhippyhippo/slaterest/srenvelope/status.go:38.2,38.10 1 9
github.com/happyhippyhippo/slaterest/srenvelope/status.go:35.26,37.3 1 12
github.com/happyhippyhippo/slaterest/srenvelope/list_report.go:22.73,24.15 2 8
github.com/happyhippyhippo/slaterest/srenvelope/list_report.go:32.2,33.25 2 8
github.com/happyhippyhippo/slaterest/srenvelope/list_report.go:37.2,44.3 1 8
github.com/happyhippyhippo/slaterest/srenvelope/list_report.go:24.15,26.20 2 7
github.com/happyhippyhippo/slaterest/srenvelope/list_report.go:29.3,29.76 1 7
github.com/happyhippyhippo/slaterest/srenvelope/list_report.go:26.20,28.4 1 4
github.com/happyhippyhippo/slaterest/srenvelope/list_report.go:33.25,35.3 1 5
github.com/happyhippyhippo/slaterest/srenvelope/middleware.go:15.102,16.16 1 15
github.com/happyhippyhippo/slaterest/srenvelope/middleware.go:20.2,21.16 2 14
github.com/happyhippyhippo/slaterest/srenvelope/middleware.go:25.2,25.82 1 13
github.com/happyhippyhippo/slaterest/srenvelope/middleware.go:29.2,30.16 2 13
github.com/happyhippyhippo/slaterest/srenvelope/middleware.go:34.2,35.33 2 12
github.com/happyhippyhippo/slaterest/srenvelope/middleware.go:41.2,41.92 1 12
github.com/happyhippyhippo/slaterest/srenvelope/middleware.go:48.2,48.55 1 12
github.com/happyhippyhippo/slaterest/srenvelope/middleware.go:16.16,18.3 1 1
github.com/happyhippyhippo/slaterest/srenvelope/middleware.go:21.16,23.3 1 1
github.com/happyhippyhippo/slaterest/srenvelope/middleware.go:25.82,27.3 1 1
github.com/happyhippyhippo/slaterest/srenvelope/middleware.go:30.16,32.3 1 1
github.com/happyhippyhippo/slaterest/srenvelope/middleware.go:35.33,36.31 1 12
github.com/happyhippyhippo/slaterest/srenvelope/middleware.go:36.31,38.4 1 12
github.com/happyhippyhippo/slaterest/srenvelope/middleware.go:41.92,43.41 2 1
github.com/happyhippyhippo/slaterest/srenvelope/middleware.go:43.41,45.4 1 1
github.com/happyhippyhippo/slaterest/srenvelope/middleware.go:48.55,50.17 2 9
github.com/happyhippyhippo/slaterest/srenvelope/middleware.go:54.3,54.53 1 8
github.com/happyhippyhippo/slaterest/srenvelope/middleware.go:50.17,52.4 1 1
github.com/happyhippyhippo/slaterest/srenvelope/middleware.go:54.53,55.34 1 8
github.com/happyhippyhippo/slaterest/srenvelope/middleware.go:55.34,56.36 1 8
github.com/happyhippyhippo/slaterest/srenvelope/middleware.go:81.5,81.18 1 8
github.com/happyhippyhippo/slaterest/srenvelope/middleware.go:87.5,89.56 2 8
github.com/happyhippyhippo/slaterest/srenvelope/middleware.go:56.36,59.29 2 7
github.com/happyhippyhippo/slaterest/srenvelope/middleware.go:72.6,78.7 1 7
github.com/happyhippyhippo/slaterest/srenvelope/middleware.go:60.21,61.19 1 1
github.com/happyhippyhippo/slaterest/srenvelope/middleware.go:62.17,65.47 1 4
github.com/happyhippyhippo/slaterest/srenvelope/middleware.go:66.14,69.61 1 2
github.com/happyhippyhippo/slaterest/srenvelope/middleware.go:81.18,82.38 1 8
github.com/happyhippyhippo/slaterest/srenvelope/middleware.go:82.38,84.7 1 2
github.com/happyhippyhippo/slaterest/srenvelope/middleware.go:89.56,91.6 1 5
github.com/happyhippyhippo/slaterest/srenvelope/provider.go:15.60,16.14 1 7
github.com/happyhippyhippo/slaterest/srenvelope/provider.go:20.2,20.57 1 6
github.com/happyhippyhippo/slaterest/srenvelope/provider.go:29.2,29.12 1 6
github.com/happyhippyhippo/slaterest/srenvelope/provider.go:16.14,18.3 1 1
github.com/happyhippyhippo/slaterest/srenvelope/provider.go:20.57,22.17 2 4
github.com/happyhippyhippo/slaterest/srenvelope/provider.go:26.3,26.37 1 2
github.com/happyhippyhippo/slaterest/srenvelope/provider.go:22.17,24.4 1 2
github.com/happyhippyhippo/slaterest/srenvelope/provider.go:33.54,34.14 1 2
github.com/happyhippyhippo/slaterest/srenvelope/provider.go:38.2,38.12 1 1
github.com/happyhippyhippo/slaterest/srenvelope/provider.go:34.14,36.3 1 1
github.com/happyhippyhippo/slaterest/srenvelope/status_error.go:22.55,27.2 1 42
github.com/happyhippyhippo/slaterest/srenvelope/status_error.go:30.56,33.2 2 20
github.com/happyhippyhippo/slaterest/srenvelope/status_error.go:36.57,39.2 2 20
github.com/happyhippyhippo/slaterest/srenvelope/status_error.go:42.56,45.2 2 4
github.com/happyhippyhippo/slaterest/srenvelope/status_error.go:48.54,51.2 2 5
github.com/happyhippyhippo/slaterest/srenvelope/status_error.go:54.59,57.2 2 1
github.com/happyhippyhippo/slaterest/srenvelope/status_error.go:60.39,62.2 1 1
github.com/happyhippyhippo/slaterest/srenvelope/status_error.go:65.42,67.2 1 1
github.com/happyhippyhippo/slaterest/srenvelope/status_error.go:69.46,72.20 2 91
github.com/happyhippyhippo/slaterest/srenvelope/status_error.go:76.2,76.21 1 91
github.com/happyhippyhippo/slaterest/srenvelope/status_error.go:83.2,83.18 1 91
github.com/happyhippyhippo/slaterest/srenvelope/status_error.go:90.2,90.19 1 91
github.com/happyhippyhippo/slaterest/srenvelope/status_error.go:102.2,104.10 2 91
github.com/happyhippyhippo/slaterest/srenvelope/status_error.go:72.20,74.3 1 39
github.com/happyhippyhippo/slaterest/srenvelope/status_error.go:76.21,77.20 1 26
github.com/happyhippyhippo/slaterest/srenvelope/status_error.go:80.3,80.50 1 26
github.com/happyhippyhippo/slaterest/srenvelope/status_error.go:77.20,79.4 1 19
github.com/happyhippyhippo/slaterest/srenvelope/status_error.go:83.18,84.20 1 7
github.com/happyhippyhippo/slaterest/srenvelope/status_error.go:87.3,87.47 1 7
github.com/happyhippyhippo/slaterest/srenvelope/status_error.go:84.20,86.4 1 6
github.com/happyhippyhippo/slaterest/srenvelope/status_error.go:90.19,91.20 1 91
github.com/happyhippyhippo/slaterest/srenvelope/status_error.go:95.3,95.50 1 91
github.com/happyhippyhippo/slaterest/srenvelope/status_error.go:91.20,93.4 1 47
github.com/happyhippyhippo/slaterest/srenvelope/status_error.go:95.50,97.4 1 3
github.com/happyhippyhippo/slaterest/srenvelope/status_error.go:97.9,99.4 1 88
github.com/happyhippyhippo/slaterest/srenvelope/status_error_list.go:11.83,13.22 2 4
github.com/happyhippyhippo/slaterest/srenvelope/status_error_list.go:24.2,27.12 3 4
github.com/happyhippyhippo/slaterest/srenvelope/status_error_list.go:13.22,23.3 3 5
github.com/happyhippyhippo/slaterest/srenvelope/container.go:10.107,12.16 2 3
github.com/happyhippyhippo/slaterest/srenvelope/container.go:16.2,17.9 2 2
github.com/happyhippyhippo/slaterest/srenvelope/container.go:20.2,20.15 1 1
github.com/happyhippyhippo/slaterest/srenvelope/container.go:12.16,14.3 1 1
github.com/happyhippyhippo/slaterest/srenvelope/container.go:17.9,19.3 1 1
github.com/happyhippyhippo/slaterest/srenvelope/envelope.go:17.82,24.2 1 14
github.com/happyhippyhippo/slaterest/srenvelope/envelope.go:27.39,29.2 1 8
github.com/happyhippyhippo/slaterest/srenvelope/envelope.go:32.50,35.2 2 8
github.com/happyhippyhippo/slaterest/srenvelope/envelope.go:38.51,41.2 2 8
github.com/happyhippyhippo/slaterest/srenvelope/envelope.go:44.57,47.2 2 16
github.com/happyhippyhippo/slaterest/srenvelope/errors.go:8.38,10.2 1 4
github.com/happyhippyhippo/slaterest/srenvelope/errors.go:12.53,14.2 1 2
